<?xml version="1.0" encoding="UTF-8"?>
<Site BuildName="Linux-c++"
	BuildStamp="20240923-2344-Experimental"
	Name="BrysonLaptop"
	Generator="ctest-3.22.1"
	CompilerName="/usr/bin/c++"
	CompilerVersion="11.4.0"
	OSName="Linux"
	Hostname="BrysonLaptop"
	OSRelease="5.15.153.1-microsoft-standard-WSL2"
	OSVersion="#1 SMP Fri Mar 29 23:14:13 UTC 2024"
	OSPlatform="x86_64"
	Is64Bits="1"
	VendorString="GenuineIntel"
	VendorID="Intel Corporation"
	FamilyID="6"
	ModelID="154"
	ProcessorCacheSize="24576"
	NumberOfLogicalCPU="20"
	NumberOfPhysicalCPU="10"
	TotalVirtualMemory="2048"
	TotalPhysicalMemory="7786"
	LogicalProcessorsPerPhysical="2"
	ProcessorClockFrequency="2688"
	>
	<Testing>
		<StartDateTime>Sep 23 19:44 EDT</StartDateTime>
		<StartTestTime>1727135088</StartTestTime>
		<TestList/>
		<EndDateTime>Sep 23 19:44 EDT</EndDateTime>
		<EndTestTime>1727135088</EndTestTime>
		<ElapsedMinutes>0</ElapsedMinutes>
	</Testing>
</Site>
